2022-12-19 16:06:01 INFO  HomePage :48 - Hovering Mouse over Shopping Cart Link [[ChromeDriver: chrome on WINDOWS (cdab6d85b9b9e0215f66da92ce13c75a)] -> xpath: //span[contains(text(),'Shopping cart')]]
2022-12-19 16:06:01 INFO  HomePage :55 - CLicking on Go To Cart Link [[ChromeDriver: chrome on WINDOWS (cdab6d85b9b9e0215f66da92ce13c75a)] -> xpath: //button[contains(text(),'Go to cart')]]
2022-12-19 16:07:20 INFO  HomePage :48 - Hovering Mouse over Shopping Cart Link [[ChromeDriver: chrome on WINDOWS (814970bdd89db47f2e0dca492faff60a)] -> xpath: //span[contains(text(),'Shopping cart')]]
2022-12-19 16:07:20 INFO  HomePage :55 - CLicking on Go To Cart Link [[ChromeDriver: chrome on WINDOWS (814970bdd89db47f2e0dca492faff60a)] -> xpath: //button[contains(text(),'Go to cart')]]
2022-12-19 16:08:01 INFO  HomePage :48 - Hovering Mouse over Shopping Cart Link [[ChromeDriver: chrome on WINDOWS (4f507a848f5c74830a0baac66f7f23e4)] -> xpath: //span[contains(text(),'Shopping cart')]]
2022-12-19 16:08:01 INFO  HomePage :55 - CLicking on Go To Cart Link [[ChromeDriver: chrome on WINDOWS (4f507a848f5c74830a0baac66f7f23e4)] -> xpath: //button[contains(text(),'Go to cart')]]
2022-12-19 16:09:28 INFO  HomePage :48 - Hovering Mouse over Shopping Cart Link [[ChromeDriver: chrome on WINDOWS (8d1ffeb86ddb368ce6b1c0d1b5b0538f)] -> xpath: //span[contains(text(),'Shopping cart')]]
2022-12-19 16:09:28 INFO  HomePage :55 - CLicking on Go To Cart Link [[ChromeDriver: chrome on WINDOWS (8d1ffeb86ddb368ce6b1c0d1b5b0538f)] -> xpath: //button[contains(text(),'Go to cart')]]
2022-12-19 16:10:53 INFO  HomePage :48 - Hovering Mouse over Shopping Cart Link [[ChromeDriver: chrome on WINDOWS (ff134a28c3fc841e34736bb3f310a4d0)] -> xpath: //span[contains(text(),'Shopping cart')]]
2022-12-19 16:10:53 INFO  HomePage :55 - CLicking on Go To Cart Link [[ChromeDriver: chrome on WINDOWS (ff134a28c3fc841e34736bb3f310a4d0)] -> xpath: //button[contains(text(),'Go to cart')]]
2022-12-19 16:10:59 INFO  HomePage :60 - Getting text from [[ChromeDriver: chrome on WINDOWS (ff134a28c3fc841e34736bb3f310a4d0)] -> xpath: //h2[contains(text(),'Welcome to our store')]]
2022-12-19 18:58:35 INFO  HomePage :48 - Hovering Mouse over Shopping Cart Link [[ChromeDriver: chrome on WINDOWS (f57ce5d51710f1ed963c14f12a2f9771)] -> xpath: //span[contains(text(),'Shopping cart')]]
2022-12-19 18:58:35 INFO  HomePage :55 - CLicking on Go To Cart Link [[ChromeDriver: chrome on WINDOWS (f57ce5d51710f1ed963c14f12a2f9771)] -> xpath: //button[contains(text(),'Go to cart')]]
2022-12-19 18:59:48 INFO  HomePage :48 - Hovering Mouse over Shopping Cart Link [[ChromeDriver: chrome on WINDOWS (627e2cea990ab2d3c683a6ba00a7936c)] -> xpath: //span[contains(text(),'Shopping cart')]]
2022-12-19 18:59:48 INFO  HomePage :55 - CLicking on Go To Cart Link [[ChromeDriver: chrome on WINDOWS (627e2cea990ab2d3c683a6ba00a7936c)] -> xpath: //button[contains(text(),'Go to cart')]]
2022-12-19 19:00:59 INFO  HomePage :48 - Hovering Mouse over Shopping Cart Link [[FirefoxDriver: firefox on WINDOWS (ebc56306-cf4f-4e48-a15d-49b8b830cabd)] -> xpath: //span[contains(text(),'Shopping cart')]]
2022-12-19 19:01:00 INFO  HomePage :55 - CLicking on Go To Cart Link [[FirefoxDriver: firefox on WINDOWS (ebc56306-cf4f-4e48-a15d-49b8b830cabd)] -> xpath: //button[contains(text(),'Go to cart')]]
2022-12-19 19:12:48 INFO  HomePage :48 - Hovering Mouse over Shopping Cart Link [[ChromeDriver: chrome on WINDOWS (fdf51c62a35daae423df51f79b9af8e1)] -> xpath: //span[contains(text(),'Shopping cart')]]
2022-12-19 19:12:48 INFO  HomePage :55 - CLicking on Go To Cart Link [[ChromeDriver: chrome on WINDOWS (fdf51c62a35daae423df51f79b9af8e1)] -> xpath: //button[contains(text(),'Go to cart')]]
2022-12-19 19:12:54 INFO  HomePage :60 - Getting text from [[ChromeDriver: chrome on WINDOWS (fdf51c62a35daae423df51f79b9af8e1)] -> xpath: //h2[contains(text(),'Welcome to our store')]]
2022-12-19 19:13:15 INFO  HomePage :48 - Hovering Mouse over Shopping Cart Link [[ChromeDriver: chrome on WINDOWS (3c9188a06222a830ff83ff8fe9574a70)] -> xpath: //span[contains(text(),'Shopping cart')]]
2022-12-19 19:13:15 INFO  HomePage :55 - CLicking on Go To Cart Link [[ChromeDriver: chrome on WINDOWS (3c9188a06222a830ff83ff8fe9574a70)] -> xpath: //button[contains(text(),'Go to cart')]]
2022-12-20 23:33:09 INFO  TopMenuPage :51 - Getting text [[ChromeDriver: chrome on WINDOWS (230cd96d42a4e92042f915c42b629a03)] -> xpath: //div[@class='header-menu']//ul/child::*]
2022-12-20 23:33:09 INFO  TopMenuPage :35 - Getting text [[ChromeDriver: chrome on WINDOWS (230cd96d42a4e92042f915c42b629a03)] -> xpath: //div[@class='header-menu']//ul/child::*]
2022-12-20 23:33:10 INFO  TopMenuPage :62 - Getting on [[ChromeDriver: chrome on WINDOWS (230cd96d42a4e92042f915c42b629a03)] -> xpath: //div[@class='page-title']]
